<?xml version="1.0" encoding="UTF-8"?>
<!-- Generated by org.testng.reporters.JUnitReportReporter -->
<testsuite hostname="Dhruv" failures="0" tests="1" name="assignment_module9_seleniumTG.Assi3" time="39.537" errors="0" timestamp="2022-10-17T18:34:53 IST" skipped="0">
  <testcase classname="assignment_module9_seleniumTG.Assi3" name="SDlogin" time="39.537"/>
  <system-out/>
</testsuite> <!-- assignment_module9_seleniumTG.Assi3 -->
