<?xml version="1.0" encoding="UTF-8"?>
<!-- Generated by org.testng.reporters.JUnitReportReporter -->
<testsuite hostname="Dhruv" failures="0" tests="1" name="assi11_POM_sikuliGrid.Assi1_Testcase" time="16.500" errors="0" timestamp="2022-10-16T20:17:00 IST" skipped="0">
  <testcase classname="assi11_POM_sikuliGrid.Assi1_Testcase" name="setup" time="16.500"/>
  <system-out/>
</testsuite> <!-- assi11_POM_sikuliGrid.Assi1_Testcase -->
