<?xml version="1.0" encoding="UTF-8"?>
<!-- Generated by org.testng.reporters.JUnitReportReporter -->
<testsuite hostname="Dhruv" failures="0" tests="7" name="assignment10_selenium_maven.Assi1" time="54.910" errors="0" timestamp="2022-10-13T16:49:45 IST" skipped="0">
  <testcase classname="assignment10_selenium_maven.Assi1" name="dtype_Password" time="5.179"/>
  <system-out/>
  <testcase classname="assignment10_selenium_maven.Assi1" name="gteardown" time="13.677"/>
  <system-out/>
  <testcase classname="assignment10_selenium_maven.Assi1" name="ctype_Username" time="5.564"/>
  <system-out/>
  <testcase classname="assignment10_selenium_maven.Assi1" name="eclick_Login" time="5.219"/>
  <system-out/>
  <testcase classname="assignment10_selenium_maven.Assi1" name="asetup" time="5.552"/>
  <system-out/>
  <testcase classname="assignment10_selenium_maven.Assi1" name="bgotoURL" time="14.695"/>
  <system-out/>
  <testcase classname="assignment10_selenium_maven.Assi1" name="fverifyLogin" time="5.024"/>
  <system-out/>
</testsuite> <!-- assignment10_selenium_maven.Assi1 -->
