<?xml version="1.0" encoding="UTF-8"?>
<!-- Generated by org.testng.reporters.JUnitReportReporter -->
<testsuite hostname="Dhruv" failures="0" tests="1" name="browserEdge.Assi1" time="58.748" errors="0" timestamp="2022-10-13T17:02:48 IST" skipped="0">
  <testcase classname="browserEdge.Assi1" name="verifySDLogin" time="58.748"/>
  <system-out/>
</testsuite> <!-- browserEdge.Assi1 -->
