<?xml version="1.0" encoding="UTF-8"?>
<!-- Generated by org.testng.reporters.JUnitReportReporter -->
<testsuite hostname="Dhruv" failures="0" tests="1" name="browserFF.Assi1" time="127.655" errors="0" timestamp="2022-10-13T17:02:48 IST" skipped="0">
  <testcase classname="browserFF.Assi1" name="verifySDLogin" time="127.655"/>
  <system-out/>
</testsuite> <!-- browserFF.Assi1 -->
