<?xml version="1.0" encoding="UTF-8"?>
<!-- Generated by org.testng.reporters.JUnitReportReporter -->
<testsuite hostname="Dhruv" failures="0" tests="1" name="browserChrome.Assi1" time="42.246" errors="0" timestamp="2022-10-13T17:02:48 IST" skipped="0">
  <testcase classname="browserChrome.Assi1" name="verifySDLogin" time="42.246"/>
  <system-out/>
</testsuite> <!-- browserChrome.Assi1 -->
