<?xml version="1.0" encoding="UTF-8"?>
<!-- Generated by org.testng.reporters.JUnitReportReporter -->
<testsuite hostname="Dhruv" failures="0" tests="1" name="assignment_module9_seleniumTG.Assi1" time="31.119" errors="0" timestamp="2022-10-05T19:31:09 IST" skipped="0">
  <testcase classname="assignment_module9_seleniumTG.Assi1" name="verifySDLogin" time="31.119"/>
  <system-out/>
</testsuite> <!-- assignment_module9_seleniumTG.Assi1 -->
